<?xml version="1.0" encoding="UTF-8"?>
<testsuite xmlns:xsi="http://www.w3.org/2001/XMLSchema-instance" xsi:noNamespaceSchemaLocation="https://maven.apache.org/surefire/maven-surefire-plugin/xsd/surefire-test-report-3.0.xsd" version="3.0" name="org.example.OperationsTest" time="0.076" tests="6" errors="0" skipped="0" failures="0">
  <properties>
[...]
</properties>
  <testcase name="subTest" classname="org.example.OperationsTest" time="0.03"/>
  <testcase name="addTest" classname="org.example.OperationsTest" time="0.003"/>
  <testcase name="IntegrateTest" classname="org.example.OperationsTest" time="0.003"/>
  <testcase name="derivatesTest" classname="org.example.OperationsTest" time="0.002"/>
  <testcase name="mulTest" classname="org.example.OperationsTest" time="0.001"/>
  <testcase name="divTest" classname="org.example.OperationsTest" time="0.008"/>
</testsuite>